\BOOKMARK [0][-]{chapter*.3}{Abstract}{}% 1
\BOOKMARK [0][-]{chapter*.4}{Declaration}{}% 2
\BOOKMARK [0][-]{chapter*.6}{Acknowledgements}{}% 3
\BOOKMARK [0][-]{section*.7}{Contents}{}% 4
\BOOKMARK [0][-]{section*.8}{List of Figures}{}% 5
\BOOKMARK [0][-]{section*.9}{List of Tables}{}% 6
\BOOKMARK [0][-]{chapter.1}{Introduction}{}% 7
\BOOKMARK [1][-]{section.1.1}{The paradox of sex}{chapter.1}% 8
\BOOKMARK [1][-]{section.1.2}{Geographic Parthenogenesis}{chapter.1}% 9
\BOOKMARK [1][-]{section.1.3}{The rock outcrop pools experimental system}{chapter.1}% 10
\BOOKMARK [1][-]{section.1.4}{On `species' and reproductive mode}{chapter.1}% 11
\BOOKMARK [1][-]{section.1.5}{The model organism}{chapter.1}% 12
\BOOKMARK [1][-]{section.1.6}{References}{chapter.1}% 13
\BOOKMARK [0][-]{chapter.2}{Contents title here}{}% 14
\BOOKMARK [1][-]{section.2.1}{References}{chapter.2}% 15
\BOOKMARK [0][-]{chapter.3}{Contents title here}{}% 16
\BOOKMARK [1][-]{section.3.1}{References}{chapter.3}% 17
\BOOKMARK [0][-]{chapter.4}{Contents title here}{}% 18
\BOOKMARK [1][-]{section.4.1}{References}{chapter.4}% 19
\BOOKMARK [0][-]{appendix.A}{Contents title here}{}% 20
\BOOKMARK [1][-]{section.A.1}{References}{appendix.A}% 21
